<?xml version="1.0" encoding="UTF-8"?>
<!-- Generated by org.testng.reporters.JUnitXMLReporter -->
<testsuite ignored="0" hostname="ABIMOHAN" failures="0" tests="3" name="Default test" time="5.748" errors="0" timestamp="2021-07-09T20:48:49 IST">
  <testcase classname="gitProject.GitProject" name="postAPITestCase" time="3.429"/>
  <testcase classname="gitProject.GitProject" name="getAPITestCase" time="0.482"/>
  <testcase classname="gitProject.GitProject" name="deleteAPITestCase" time="0.479"/>
</testsuite> <!-- Default test -->
