<?xml version="1.0" encoding="UTF-8"?>
<testng-results ignored="0" total="3" passed="3" failed="0" skipped="0">
  <reporter-output>
  </reporter-output>
  <suite started-at="2021-07-09T20:48:43 IST" name="Default suite" finished-at="2021-07-09T20:48:49 IST" duration-ms="5748">
    <groups>
    </groups>
    <test started-at="2021-07-09T20:48:43 IST" name="Default test" finished-at="2021-07-09T20:48:49 IST" duration-ms="5748">
      <class name="gitProject.GitProject">
        <test-method is-config="true" signature="beforeClass()[pri:0, instance:gitProject.GitProject@67c33749]" started-at="2021-07-09T20:48:43 IST" name="beforeClass" finished-at="2021-07-09T20:48:44 IST" duration-ms="1274" status="PASS">
          <reporter-output>
          </reporter-output>
        </test-method> <!-- beforeClass -->
        <test-method signature="postAPITestCase()[pri:1, instance:gitProject.GitProject@67c33749]" started-at="2021-07-09T20:48:44 IST" name="postAPITestCase" finished-at="2021-07-09T20:48:48 IST" duration-ms="3429" status="PASS">
          <reporter-output>
          </reporter-output>
        </test-method> <!-- postAPITestCase -->
        <test-method signature="getAPITestCase()[pri:2, instance:gitProject.GitProject@67c33749]" started-at="2021-07-09T20:48:48 IST" name="getAPITestCase" finished-at="2021-07-09T20:48:48 IST" duration-ms="482" status="PASS">
          <reporter-output>
          </reporter-output>
        </test-method> <!-- getAPITestCase -->
        <test-method signature="deleteAPITestCase()[pri:3, instance:gitProject.GitProject@67c33749]" started-at="2021-07-09T20:48:48 IST" name="deleteAPITestCase" finished-at="2021-07-09T20:48:49 IST" duration-ms="479" status="PASS">
          <reporter-output>
          </reporter-output>
        </test-method> <!-- deleteAPITestCase -->
      </class> <!-- gitProject.GitProject -->
    </test> <!-- Default test -->
  </suite> <!-- Default suite -->
</testng-results>
